  BoxCollider.cpp
c:\users\seowon\documents\project\dnf\dnf2\dnf\collider\boxcollider.cpp(1): fatal error C1083: 포함 파일을 열 수 없습니다. 'stdafx.h': No such file or directory
  Collider.cpp
c:\users\seowon\documents\project\dnf\dnf2\dnf\collider\collider.cpp(1): fatal error C1083: 포함 파일을 열 수 없습니다. 'stdafx.h': No such file or directory
  ColliderFactory.cpp
c:\users\seowon\documents\project\dnf\dnf2\dnf\collider\colliderfactory.cpp(1): fatal error C1083: 포함 파일을 열 수 없습니다. 'stdafx.h': No such file or directory
  CylinderCollider.cpp
c:\users\seowon\documents\project\dnf\dnf2\dnf\collider\cylindercollider.cpp(1): fatal error C1083: 포함 파일을 열 수 없습니다. 'stdafx.h': No such file or directory
  Main.cpp
c:\program files (x86)\microsoft directx sdk (june 2010)\include\dxgitype.h(12): warning C4005: 'DXGI_STATUS_OCCLUDED': 매크로 재정의
  c:\program files (x86)\windows kits\10\include\10.0.17763.0\shared\winerror.h(55460): note: 'DXGI_STATUS_OCCLUDED'의 이전 정의를 참조하십시오.
c:\program files (x86)\microsoft directx sdk (june 2010)\include\dxgitype.h(13): warning C4005: 'DXGI_STATUS_CLIPPED': 매크로 재정의
  c:\program files (x86)\windows kits\10\include\10.0.17763.0\shared\winerror.h(55469): note: 'DXGI_STATUS_CLIPPED'의 이전 정의를 참조하십시오.
c:\program files (x86)\microsoft directx sdk (june 2010)\include\dxgitype.h(14): warning C4005: 'DXGI_STATUS_NO_REDIRECTION': 매크로 재정의
  c:\program files (x86)\windows kits\10\include\10.0.17763.0\shared\winerror.h(55478): note: 'DXGI_STATUS_NO_REDIRECTION'의 이전 정의를 참조하십시오.
c:\program files (x86)\microsoft directx sdk (june 2010)\include\dxgitype.h(15): warning C4005: 'DXGI_STATUS_NO_DESKTOP_ACCESS': 매크로 재정의
  c:\program files (x86)\windows kits\10\include\10.0.17763.0\shared\winerror.h(55487): note: 'DXGI_STATUS_NO_DESKTOP_ACCESS'의 이전 정의를 참조하십시오.
c:\program files (x86)\microsoft directx sdk (june 2010)\include\dxgitype.h(16): warning C4005: 'DXGI_STATUS_GRAPHICS_VIDPN_SOURCE_IN_USE': 매크로 재정의
  c:\program files (x86)\windows kits\10\include\10.0.17763.0\shared\winerror.h(55496): note: 'DXGI_STATUS_GRAPHICS_VIDPN_SOURCE_IN_USE'의 이전 정의를 참조하십시오.
c:\program files (x86)\microsoft directx sdk (june 2010)\include\dxgitype.h(17): warning C4005: 'DXGI_STATUS_MODE_CHANGED': 매크로 재정의
  c:\program files (x86)\windows kits\10\include\10.0.17763.0\shared\winerror.h(55505): note: 'DXGI_STATUS_MODE_CHANGED'의 이전 정의를 참조하십시오.
c:\program files (x86)\microsoft directx sdk (june 2010)\include\dxgitype.h(18): warning C4005: 'DXGI_STATUS_MODE_CHANGE_IN_PROGRESS': 매크로 재정의
  c:\program files (x86)\windows kits\10\include\10.0.17763.0\shared\winerror.h(55514): note: 'DXGI_STATUS_MODE_CHANGE_IN_PROGRESS'의 이전 정의를 참조하십시오.
c:\program files (x86)\microsoft directx sdk (june 2010)\include\dxgitype.h(21): warning C4005: 'DXGI_ERROR_INVALID_CALL': 매크로 재정의
  c:\program files (x86)\windows kits\10\include\10.0.17763.0\shared\winerror.h(55529): note: 'DXGI_ERROR_INVALID_CALL'의 이전 정의를 참조하십시오.
c:\program files (x86)\microsoft directx sdk (june 2010)\include\dxgitype.h(22): warning C4005: 'DXGI_ERROR_NOT_FOUND': 매크로 재정의
  c:\program files (x86)\windows kits\10\include\10.0.17763.0\shared\winerror.h(55538): note: 'DXGI_ERROR_NOT_FOUND'의 이전 정의를 참조하십시오.
c:\program files (x86)\microsoft directx sdk (june 2010)\include\dxgitype.h(23): warning C4005: 'DXGI_ERROR_MORE_DATA': 매크로 재정의
  c:\program files (x86)\windows kits\10\include\10.0.17763.0\shared\winerror.h(55547): note: 'DXGI_ERROR_MORE_DATA'의 이전 정의를 참조하십시오.
c:\program files (x86)\microsoft directx sdk (june 2010)\include\dxgitype.h(24): warning C4005: 'DXGI_ERROR_UNSUPPORTED': 매크로 재정의
  c:\program files (x86)\windows kits\10\include\10.0.17763.0\shared\winerror.h(55556): note: 'DXGI_ERROR_UNSUPPORTED'의 이전 정의를 참조하십시오.
c:\program files (x86)\microsoft directx sdk (june 2010)\include\dxgitype.h(25): warning C4005: 'DXGI_ERROR_DEVICE_REMOVED': 매크로 재정의
  c:\program files (x86)\windows kits\10\include\10.0.17763.0\shared\winerror.h(55565): note: 'DXGI_ERROR_DEVICE_REMOVED'의 이전 정의를 참조하십시오.
c:\program files (x86)\microsoft directx sdk (june 2010)\include\dxgitype.h(26): warning C4005: 'DXGI_ERROR_DEVICE_HUNG': 매크로 재정의
  c:\program files (x86)\windows kits\10\include\10.0.17763.0\shared\winerror.h(55574): note: 'DXGI_ERROR_DEVICE_HUNG'의 이전 정의를 참조하십시오.
c:\program files (x86)\microsoft directx sdk (june 2010)\include\dxgitype.h(27): warning C4005: 'DXGI_ERROR_DEVICE_RESET': 매크로 재정의
  c:\program files (x86)\windows kits\10\include\10.0.17763.0\shared\winerror.h(55584): note: 'DXGI_ERROR_DEVICE_RESET'의 이전 정의를 참조하십시오.
c:\program files (x86)\microsoft directx sdk (june 2010)\include\dxgitype.h(28): warning C4005: 'DXGI_ERROR_WAS_STILL_DRAWING': 매크로 재정의
  c:\program files (x86)\windows kits\10\include\10.0.17763.0\shared\winerror.h(55593): note: 'DXGI_ERROR_WAS_STILL_DRAWING'의 이전 정의를 참조하십시오.
c:\program files (x86)\microsoft directx sdk (june 2010)\include\dxgitype.h(29): warning C4005: 'DXGI_ERROR_FRAME_STATISTICS_DISJOINT': 매크로 재정의
  c:\program files (x86)\windows kits\10\include\10.0.17763.0\shared\winerror.h(55603): note: 'DXGI_ERROR_FRAME_STATISTICS_DISJOINT'의 이전 정의를 참조하십시오.
c:\program files (x86)\microsoft directx sdk (june 2010)\include\dxgitype.h(30): warning C4005: 'DXGI_ERROR_GRAPHICS_VIDPN_SOURCE_IN_USE': 매크로 재정의
  c:\program files (x86)\windows kits\10\include\10.0.17763.0\shared\winerror.h(55612): note: 'DXGI_ERROR_GRAPHICS_VIDPN_SOURCE_IN_USE'의 이전 정의를 참조하십시오.
c:\program files (x86)\microsoft directx sdk (june 2010)\include\dxgitype.h(31): warning C4005: 'DXGI_ERROR_DRIVER_INTERNAL_ERROR': 매크로 재정의
  c:\program files (x86)\windows kits\10\include\10.0.17763.0\shared\winerror.h(55622): note: 'DXGI_ERROR_DRIVER_INTERNAL_ERROR'의 이전 정의를 참조하십시오.
c:\program files (x86)\microsoft directx sdk (june 2010)\include\dxgitype.h(32): warning C4005: 'DXGI_ERROR_NONEXCLUSIVE': 매크로 재정의
  c:\program files (x86)\windows kits\10\include\10.0.17763.0\shared\winerror.h(55631): note: 'DXGI_ERROR_NONEXCLUSIVE'의 이전 정의를 참조하십시오.
c:\program files (x86)\microsoft directx sdk (june 2010)\include\dxgitype.h(33): warning C4005: 'DXGI_ERROR_NOT_CURRENTLY_AVAILABLE': 매크로 재정의
  c:\program files (x86)\windows kits\10\include\10.0.17763.0\shared\winerror.h(55640): note: 'DXGI_ERROR_NOT_CURRENTLY_AVAILABLE'의 이전 정의를 참조하십시오.
c:\program files (x86)\microsoft directx sdk (june 2010)\include\dxgitype.h(34): warning C4005: 'DXGI_ERROR_REMOTE_CLIENT_DISCONNECTED': 매크로 재정의
  c:\program files (x86)\windows kits\10\include\10.0.17763.0\shared\winerror.h(55650): note: 'DXGI_ERROR_REMOTE_CLIENT_DISCONNECTED'의 이전 정의를 참조하십시오.
c:\program files (x86)\microsoft directx sdk (june 2010)\include\dxgitype.h(35): warning C4005: 'DXGI_ERROR_REMOTE_OUTOFMEMORY': 매크로 재정의
  c:\program files (x86)\windows kits\10\include\10.0.17763.0\shared\winerror.h(55659): note: 'DXGI_ERROR_REMOTE_OUTOFMEMORY'의 이전 정의를 참조하십시오.
c:\program files (x86)\microsoft directx sdk (june 2010)\include\d3d11.h(917): warning C4005: 'D3D11_ERROR_TOO_MANY_UNIQUE_STATE_OBJECTS': 매크로 재정의
  c:\program files (x86)\windows kits\10\include\10.0.17763.0\shared\winerror.h(55923): note: 'D3D11_ERROR_TOO_MANY_UNIQUE_STATE_OBJECTS'의 이전 정의를 참조하십시오.
c:\program files (x86)\microsoft directx sdk (june 2010)\include\d3d11.h(918): warning C4005: 'D3D11_ERROR_FILE_NOT_FOUND': 매크로 재정의
  c:\program files (x86)\windows kits\10\include\10.0.17763.0\shared\winerror.h(55932): note: 'D3D11_ERROR_FILE_NOT_FOUND'의 이전 정의를 참조하십시오.
c:\program files (x86)\microsoft directx sdk (june 2010)\include\d3d11.h(919): warning C4005: 'D3D11_ERROR_TOO_MANY_UNIQUE_VIEW_OBJECTS': 매크로 재정의
  c:\program files (x86)\windows kits\10\include\10.0.17763.0\shared\winerror.h(55942): note: 'D3D11_ERROR_TOO_MANY_UNIQUE_VIEW_OBJECTS'의 이전 정의를 참조하십시오.
c:\program files (x86)\microsoft directx sdk (june 2010)\include\d3d11.h(920): warning C4005: 'D3D11_ERROR_DEFERRED_CONTEXT_MAP_WITHOUT_INITIAL_DISCARD': 매크로 재정의
  c:\program files (x86)\windows kits\10\include\10.0.17763.0\shared\winerror.h(55951): note: 'D3D11_ERROR_DEFERRED_CONTEXT_MAP_WITHOUT_INITIAL_DISCARD'의 이전 정의를 참조하십시오.
c:\program files (x86)\microsoft directx sdk (june 2010)\include\d3d10.h(608): warning C4005: 'D3D10_ERROR_TOO_MANY_UNIQUE_STATE_OBJECTS': 매크로 재정의
  c:\program files (x86)\windows kits\10\include\10.0.17763.0\shared\winerror.h(55899): note: 'D3D10_ERROR_TOO_MANY_UNIQUE_STATE_OBJECTS'의 이전 정의를 참조하십시오.
c:\program files (x86)\microsoft directx sdk (june 2010)\include\d3d10.h(609): warning C4005: 'D3D10_ERROR_FILE_NOT_FOUND': 매크로 재정의
  c:\program files (x86)\windows kits\10\include\10.0.17763.0\shared\winerror.h(55908): note: 'D3D10_ERROR_FILE_NOT_FOUND'의 이전 정의를 참조하십시오.
c:\users\seowon\documents\project\dnf\dnf2\dnf\stdafx.h(26): fatal error C1083: 포함 파일을 열 수 없습니다. 'd3dx11effect.h': No such file or directory
  Background.cpp
c:\users\seowon\documents\project\dnf\dnf2\dnf\objects\background.cpp(1): fatal error C1083: 포함 파일을 열 수 없습니다. 'stdafx.h': No such file or directory
  Effect.cpp
c:\users\seowon\documents\project\dnf\dnf2\dnf\objects\effect.cpp(1): fatal error C1083: 포함 파일을 열 수 없습니다. 'stdafx.h': No such file or directory
  GameObject.cpp
c:\users\seowon\documents\project\dnf\dnf2\dnf\objects\gameobject.cpp(1): fatal error C1083: 포함 파일을 열 수 없습니다. 'stdafx.h': No such file or directory
  Leveche.cpp
c:\users\seowon\documents\project\dnf\dnf2\dnf\objects\monster\leveche.cpp(1): fatal error C1083: 포함 파일을 열 수 없습니다. 'stdafx.h': No such file or directory
  Monster.cpp
c:\users\seowon\documents\project\dnf\dnf2\dnf\objects\monster\monster.cpp(1): fatal error C1083: 포함 파일을 열 수 없습니다. 'stdafx.h': No such file or directory
  P01_Claw.cpp
c:\users\seowon\documents\project\dnf\dnf2\dnf\objects\monster\p01_claw.cpp(1): fatal error C1083: 포함 파일을 열 수 없습니다. 'stdafx.h': No such file or directory
  P02_Thorn.cpp
c:\users\seowon\documents\project\dnf\dnf2\dnf\objects\monster\p02_thorn.cpp(1): fatal error C1083: 포함 파일을 열 수 없습니다. 'stdafx.h': No such file or directory
  P03_Jump.cpp
c:\users\seowon\documents\project\dnf\dnf2\dnf\objects\monster\p03_jump.cpp(1): fatal error C1083: 포함 파일을 열 수 없습니다. 'stdafx.h': No such file or directory
  Pattern.cpp
c:\users\seowon\documents\project\dnf\dnf2\dnf\objects\monster\pattern.cpp(1): fatal error C1083: 포함 파일을 열 수 없습니다. 'stdafx.h': No such file or directory
  PatternSet.cpp
c:\users\seowon\documents\project\dnf\dnf2\dnf\objects\monster\patternset.cpp(1): fatal error C1083: 포함 파일을 열 수 없습니다. 'stdafx.h': No such file or directory
  Player.cpp
c:\users\seowon\documents\project\dnf\dnf2\dnf\objects\player\player.cpp(1): fatal error C1083: 포함 파일을 열 수 없습니다. 'stdafx.h': No such file or directory
  Player_Thief.cpp
c:\users\seowon\documents\project\dnf\dnf2\dnf\objects\player\player_thief.cpp(1): fatal error C1083: 포함 파일을 열 수 없습니다. 'stdafx.h': No such file or directory
  PlayInterface.cpp
c:\users\seowon\documents\project\dnf\dnf2\dnf\objects\player\playinterface.cpp(1): fatal error C1083: 포함 파일을 열 수 없습니다. 'stdafx.h': No such file or directory
  AA04_Assassination.cpp
c:\users\seowon\documents\project\dnf\dnf2\dnf\objects\player\skill\aa04_assassination.cpp(1): fatal error C1083: 포함 파일을 열 수 없습니다. 'stdafx.h': No such file or directory
  AA00_Attack.cpp
c:\users\seowon\documents\project\dnf\dnf2\dnf\objects\player\skill\aa00_attack.cpp(1): fatal error C1083: 포함 파일을 열 수 없습니다. 'stdafx.h': No such file or directory
  컴파일하고 있습니다...
  AA01_ShadowCut.cpp
c:\users\seowon\documents\project\dnf\dnf2\dnf\objects\player\skill\aa01_shadowcut.cpp(1): fatal error C1083: 포함 파일을 열 수 없습니다. 'stdafx.h': No such file or directory
  AA02_Cardioclasis.cpp
c:\users\seowon\documents\project\dnf\dnf2\dnf\objects\player\skill\aa02_cardioclasis.cpp(1): fatal error C1083: 포함 파일을 열 수 없습니다. 'stdafx.h': No such file or directory
  AA03_BladeGust.cpp
c:\users\seowon\documents\project\dnf\dnf2\dnf\objects\player\skill\aa03_bladegust.cpp(1): fatal error C1083: 포함 파일을 열 수 없습니다. 'stdafx.h': No such file or directory
  AA05_Extractheart.cpp
c:\users\seowon\documents\project\dnf\dnf2\dnf\objects\player\skill\aa05_extractheart.cpp(1): fatal error C1083: 포함 파일을 열 수 없습니다. 'stdafx.h': No such file or directory
  AB00_NeoBuff.cpp
c:\users\seowon\documents\project\dnf\dnf2\dnf\objects\player\skill\ab00_neobuff.cpp(1): fatal error C1083: 포함 파일을 열 수 없습니다. 'stdafx.h': No such file or directory
  Action.cpp
c:\users\seowon\documents\project\dnf\dnf2\dnf\objects\player\skill\action.cpp(1): fatal error C1083: 포함 파일을 열 수 없습니다. 'stdafx.h': No such file or directory
  A_Attack.cpp
c:\users\seowon\documents\project\dnf\dnf2\dnf\objects\player\skill\a_attack.cpp(1): fatal error C1083: 포함 파일을 열 수 없습니다. 'stdafx.h': No such file or directory
  A_Buff.cpp
c:\users\seowon\documents\project\dnf\dnf2\dnf\objects\player\skill\a_buff.cpp(1): fatal error C1083: 포함 파일을 열 수 없습니다. 'stdafx.h': No such file or directory
  Skill.cpp
c:\users\seowon\documents\project\dnf\dnf2\dnf\objects\player\skill\skill.cpp(1): fatal error C1083: 포함 파일을 열 수 없습니다. 'stdafx.h': No such file or directory
  SkillSet.cpp
c:\users\seowon\documents\project\dnf\dnf2\dnf\objects\player\skill\skillset.cpp(1): fatal error C1083: 포함 파일을 열 수 없습니다. 'stdafx.h': No such file or directory
  Skill_Active.cpp
c:\users\seowon\documents\project\dnf\dnf2\dnf\objects\player\skill\skill_active.cpp(1): fatal error C1083: 포함 파일을 열 수 없습니다. 'stdafx.h': No such file or directory
  Skill_Passive.cpp
c:\users\seowon\documents\project\dnf\dnf2\dnf\objects\player\skill\skill_passive.cpp(1): fatal error C1083: 포함 파일을 열 수 없습니다. 'stdafx.h': No such file or directory
  Rect.cpp
c:\users\seowon\documents\project\dnf\dnf2\dnf\objects\rect.cpp(1): fatal error C1083: 포함 파일을 열 수 없습니다. 'stdafx.h': No such file or directory
  Animation.cpp
c:\users\seowon\documents\project\dnf\dnf2\dnf\renders\animation.cpp(1): fatal error C1083: 포함 파일을 열 수 없습니다. 'stdafx.h': No such file or directory
  Canvas.cpp
c:\users\seowon\documents\project\dnf\dnf2\dnf\renders\canvas.cpp(1): fatal error C1083: 포함 파일을 열 수 없습니다. 'stdafx.h': No such file or directory
  Clip.cpp
c:\users\seowon\documents\project\dnf\dnf2\dnf\renders\clip.cpp(1): fatal error C1083: 포함 파일을 열 수 없습니다. 'stdafx.h': No such file or directory
  RenderTarget.cpp
c:\users\seowon\documents\project\dnf\dnf2\dnf\renders\rendertarget.cpp(1): fatal error C1083: 포함 파일을 열 수 없습니다. 'stdafx.h': No such file or directory
  Shader.cpp
c:\users\seowon\documents\project\dnf\dnf2\dnf\renders\shader.cpp(1): fatal error C1083: 포함 파일을 열 수 없습니다. 'stdafx.h': No such file or directory
  Sprite.cpp
c:\users\seowon\documents\project\dnf\dnf2\dnf\renders\sprite.cpp(1): fatal error C1083: 포함 파일을 열 수 없습니다. 'stdafx.h': No such file or directory
  S00_SeriaRoom.cpp
c:\users\seowon\documents\project\dnf\dnf2\dnf\scenes\s00_seriaroom.cpp(1): fatal error C1083: 포함 파일을 열 수 없습니다. 'stdafx.h': No such file or directory
  컴파일하고 있습니다...
  S01_DungeonSiroco.cpp
c:\users\seowon\documents\project\dnf\dnf2\dnf\scenes\s01_dungeonsiroco.cpp(1): fatal error C1083: 포함 파일을 열 수 없습니다. 'stdafx.h': No such file or directory
  SceneDungeon.cpp
c:\users\seowon\documents\project\dnf\dnf2\dnf\scenes\scenedungeon.cpp(1): fatal error C1083: 포함 파일을 열 수 없습니다. 'stdafx.h': No such file or directory
  stdafx.cpp
c:\program files (x86)\microsoft directx sdk (june 2010)\include\dxgitype.h(12): warning C4005: 'DXGI_STATUS_OCCLUDED': 매크로 재정의
  c:\program files (x86)\windows kits\10\include\10.0.17763.0\shared\winerror.h(55460): note: 'DXGI_STATUS_OCCLUDED'의 이전 정의를 참조하십시오.
c:\program files (x86)\microsoft directx sdk (june 2010)\include\dxgitype.h(13): warning C4005: 'DXGI_STATUS_CLIPPED': 매크로 재정의
  c:\program files (x86)\windows kits\10\include\10.0.17763.0\shared\winerror.h(55469): note: 'DXGI_STATUS_CLIPPED'의 이전 정의를 참조하십시오.
c:\program files (x86)\microsoft directx sdk (june 2010)\include\dxgitype.h(14): warning C4005: 'DXGI_STATUS_NO_REDIRECTION': 매크로 재정의
  c:\program files (x86)\windows kits\10\include\10.0.17763.0\shared\winerror.h(55478): note: 'DXGI_STATUS_NO_REDIRECTION'의 이전 정의를 참조하십시오.
c:\program files (x86)\microsoft directx sdk (june 2010)\include\dxgitype.h(15): warning C4005: 'DXGI_STATUS_NO_DESKTOP_ACCESS': 매크로 재정의
  c:\program files (x86)\windows kits\10\include\10.0.17763.0\shared\winerror.h(55487): note: 'DXGI_STATUS_NO_DESKTOP_ACCESS'의 이전 정의를 참조하십시오.
c:\program files (x86)\microsoft directx sdk (june 2010)\include\dxgitype.h(16): warning C4005: 'DXGI_STATUS_GRAPHICS_VIDPN_SOURCE_IN_USE': 매크로 재정의
  c:\program files (x86)\windows kits\10\include\10.0.17763.0\shared\winerror.h(55496): note: 'DXGI_STATUS_GRAPHICS_VIDPN_SOURCE_IN_USE'의 이전 정의를 참조하십시오.
c:\program files (x86)\microsoft directx sdk (june 2010)\include\dxgitype.h(17): warning C4005: 'DXGI_STATUS_MODE_CHANGED': 매크로 재정의
  c:\program files (x86)\windows kits\10\include\10.0.17763.0\shared\winerror.h(55505): note: 'DXGI_STATUS_MODE_CHANGED'의 이전 정의를 참조하십시오.
c:\program files (x86)\microsoft directx sdk (june 2010)\include\dxgitype.h(18): warning C4005: 'DXGI_STATUS_MODE_CHANGE_IN_PROGRESS': 매크로 재정의
  c:\program files (x86)\windows kits\10\include\10.0.17763.0\shared\winerror.h(55514): note: 'DXGI_STATUS_MODE_CHANGE_IN_PROGRESS'의 이전 정의를 참조하십시오.
c:\program files (x86)\microsoft directx sdk (june 2010)\include\dxgitype.h(21): warning C4005: 'DXGI_ERROR_INVALID_CALL': 매크로 재정의
  c:\program files (x86)\windows kits\10\include\10.0.17763.0\shared\winerror.h(55529): note: 'DXGI_ERROR_INVALID_CALL'의 이전 정의를 참조하십시오.
c:\program files (x86)\microsoft directx sdk (june 2010)\include\dxgitype.h(22): warning C4005: 'DXGI_ERROR_NOT_FOUND': 매크로 재정의
  c:\program files (x86)\windows kits\10\include\10.0.17763.0\shared\winerror.h(55538): note: 'DXGI_ERROR_NOT_FOUND'의 이전 정의를 참조하십시오.
c:\program files (x86)\microsoft directx sdk (june 2010)\include\dxgitype.h(23): warning C4005: 'DXGI_ERROR_MORE_DATA': 매크로 재정의
  c:\program files (x86)\windows kits\10\include\10.0.17763.0\shared\winerror.h(55547): note: 'DXGI_ERROR_MORE_DATA'의 이전 정의를 참조하십시오.
c:\program files (x86)\microsoft directx sdk (june 2010)\include\dxgitype.h(24): warning C4005: 'DXGI_ERROR_UNSUPPORTED': 매크로 재정의
  c:\program files (x86)\windows kits\10\include\10.0.17763.0\shared\winerror.h(55556): note: 'DXGI_ERROR_UNSUPPORTED'의 이전 정의를 참조하십시오.
c:\program files (x86)\microsoft directx sdk (june 2010)\include\dxgitype.h(25): warning C4005: 'DXGI_ERROR_DEVICE_REMOVED': 매크로 재정의
  c:\program files (x86)\windows kits\10\include\10.0.17763.0\shared\winerror.h(55565): note: 'DXGI_ERROR_DEVICE_REMOVED'의 이전 정의를 참조하십시오.
c:\program files (x86)\microsoft directx sdk (june 2010)\include\dxgitype.h(26): warning C4005: 'DXGI_ERROR_DEVICE_HUNG': 매크로 재정의
  c:\program files (x86)\windows kits\10\include\10.0.17763.0\shared\winerror.h(55574): note: 'DXGI_ERROR_DEVICE_HUNG'의 이전 정의를 참조하십시오.
c:\program files (x86)\microsoft directx sdk (june 2010)\include\dxgitype.h(27): warning C4005: 'DXGI_ERROR_DEVICE_RESET': 매크로 재정의
  c:\program files (x86)\windows kits\10\include\10.0.17763.0\shared\winerror.h(55584): note: 'DXGI_ERROR_DEVICE_RESET'의 이전 정의를 참조하십시오.
c:\program files (x86)\microsoft directx sdk (june 2010)\include\dxgitype.h(28): warning C4005: 'DXGI_ERROR_WAS_STILL_DRAWING': 매크로 재정의
  c:\program files (x86)\windows kits\10\include\10.0.17763.0\shared\winerror.h(55593): note: 'DXGI_ERROR_WAS_STILL_DRAWING'의 이전 정의를 참조하십시오.
c:\program files (x86)\microsoft directx sdk (june 2010)\include\dxgitype.h(29): warning C4005: 'DXGI_ERROR_FRAME_STATISTICS_DISJOINT': 매크로 재정의
  c:\program files (x86)\windows kits\10\include\10.0.17763.0\shared\winerror.h(55603): note: 'DXGI_ERROR_FRAME_STATISTICS_DISJOINT'의 이전 정의를 참조하십시오.
c:\program files (x86)\microsoft directx sdk (june 2010)\include\dxgitype.h(30): warning C4005: 'DXGI_ERROR_GRAPHICS_VIDPN_SOURCE_IN_USE': 매크로 재정의
  c:\program files (x86)\windows kits\10\include\10.0.17763.0\shared\winerror.h(55612): note: 'DXGI_ERROR_GRAPHICS_VIDPN_SOURCE_IN_USE'의 이전 정의를 참조하십시오.
c:\program files (x86)\microsoft directx sdk (june 2010)\include\dxgitype.h(31): warning C4005: 'DXGI_ERROR_DRIVER_INTERNAL_ERROR': 매크로 재정의
  c:\program files (x86)\windows kits\10\include\10.0.17763.0\shared\winerror.h(55622): note: 'DXGI_ERROR_DRIVER_INTERNAL_ERROR'의 이전 정의를 참조하십시오.
c:\program files (x86)\microsoft directx sdk (june 2010)\include\dxgitype.h(32): warning C4005: 'DXGI_ERROR_NONEXCLUSIVE': 매크로 재정의
  c:\program files (x86)\windows kits\10\include\10.0.17763.0\shared\winerror.h(55631): note: 'DXGI_ERROR_NONEXCLUSIVE'의 이전 정의를 참조하십시오.
c:\program files (x86)\microsoft directx sdk (june 2010)\include\dxgitype.h(33): warning C4005: 'DXGI_ERROR_NOT_CURRENTLY_AVAILABLE': 매크로 재정의
  c:\program files (x86)\windows kits\10\include\10.0.17763.0\shared\winerror.h(55640): note: 'DXGI_ERROR_NOT_CURRENTLY_AVAILABLE'의 이전 정의를 참조하십시오.
c:\program files (x86)\microsoft directx sdk (june 2010)\include\dxgitype.h(34): warning C4005: 'DXGI_ERROR_REMOTE_CLIENT_DISCONNECTED': 매크로 재정의
  c:\program files (x86)\windows kits\10\include\10.0.17763.0\shared\winerror.h(55650): note: 'DXGI_ERROR_REMOTE_CLIENT_DISCONNECTED'의 이전 정의를 참조하십시오.
c:\program files (x86)\microsoft directx sdk (june 2010)\include\dxgitype.h(35): warning C4005: 'DXGI_ERROR_REMOTE_OUTOFMEMORY': 매크로 재정의
  c:\program files (x86)\windows kits\10\include\10.0.17763.0\shared\winerror.h(55659): note: 'DXGI_ERROR_REMOTE_OUTOFMEMORY'의 이전 정의를 참조하십시오.
c:\program files (x86)\microsoft directx sdk (june 2010)\include\d3d11.h(917): warning C4005: 'D3D11_ERROR_TOO_MANY_UNIQUE_STATE_OBJECTS': 매크로 재정의
  c:\program files (x86)\windows kits\10\include\10.0.17763.0\shared\winerror.h(55923): note: 'D3D11_ERROR_TOO_MANY_UNIQUE_STATE_OBJECTS'의 이전 정의를 참조하십시오.
c:\program files (x86)\microsoft directx sdk (june 2010)\include\d3d11.h(918): warning C4005: 'D3D11_ERROR_FILE_NOT_FOUND': 매크로 재정의
  c:\program files (x86)\windows kits\10\include\10.0.17763.0\shared\winerror.h(55932): note: 'D3D11_ERROR_FILE_NOT_FOUND'의 이전 정의를 참조하십시오.
c:\program files (x86)\microsoft directx sdk (june 2010)\include\d3d11.h(919): warning C4005: 'D3D11_ERROR_TOO_MANY_UNIQUE_VIEW_OBJECTS': 매크로 재정의
  c:\program files (x86)\windows kits\10\include\10.0.17763.0\shared\winerror.h(55942): note: 'D3D11_ERROR_TOO_MANY_UNIQUE_VIEW_OBJECTS'의 이전 정의를 참조하십시오.
c:\program files (x86)\microsoft directx sdk (june 2010)\include\d3d11.h(920): warning C4005: 'D3D11_ERROR_DEFERRED_CONTEXT_MAP_WITHOUT_INITIAL_DISCARD': 매크로 재정의
  c:\program files (x86)\windows kits\10\include\10.0.17763.0\shared\winerror.h(55951): note: 'D3D11_ERROR_DEFERRED_CONTEXT_MAP_WITHOUT_INITIAL_DISCARD'의 이전 정의를 참조하십시오.
c:\program files (x86)\microsoft directx sdk (june 2010)\include\d3d10.h(608): warning C4005: 'D3D10_ERROR_TOO_MANY_UNIQUE_STATE_OBJECTS': 매크로 재정의
  c:\program files (x86)\windows kits\10\include\10.0.17763.0\shared\winerror.h(55899): note: 'D3D10_ERROR_TOO_MANY_UNIQUE_STATE_OBJECTS'의 이전 정의를 참조하십시오.
c:\program files (x86)\microsoft directx sdk (june 2010)\include\d3d10.h(609): warning C4005: 'D3D10_ERROR_FILE_NOT_FOUND': 매크로 재정의
  c:\program files (x86)\windows kits\10\include\10.0.17763.0\shared\winerror.h(55908): note: 'D3D10_ERROR_FILE_NOT_FOUND'의 이전 정의를 참조하십시오.
c:\users\seowon\documents\project\dnf\dnf2\dnf\stdafx.h(26): fatal error C1083: 포함 파일을 열 수 없습니다. 'd3dx11effect.h': No such file or directory
  Device.cpp
c:\users\seowon\documents\project\dnf\dnf2\dnf\systems\device.cpp(1): fatal error C1083: 포함 파일을 열 수 없습니다. 'stdafx.h': No such file or directory
  DirectWrite.cpp
c:\users\seowon\documents\project\dnf\dnf2\dnf\systems\directwrite.cpp(1): fatal error C1083: 포함 파일을 열 수 없습니다. 'stdafx.h': No such file or directory
  Keyboard.cpp
c:\users\seowon\documents\project\dnf\dnf2\dnf\systems\keyboard.cpp(1): fatal error C1083: 포함 파일을 열 수 없습니다. 'stdafx.h': No such file or directory
  MouseManager.cpp
c:\users\seowon\documents\project\dnf\dnf2\dnf\systems\mousemanager.cpp(1): fatal error C1083: 포함 파일을 열 수 없습니다. 'stdafx.h': No such file or directory
  SoundManager.cpp
c:\users\seowon\documents\project\dnf\dnf2\dnf\systems\soundmanager.cpp(1): fatal error C1083: 포함 파일을 열 수 없습니다. 'stdafx.h': No such file or directory
  Time.cpp
c:\users\seowon\documents\project\dnf\dnf2\dnf\systems\time.cpp(1): fatal error C1083: 포함 파일을 열 수 없습니다. 'stdafx.h': No such file or directory
  BinaryFile.cpp
c:\users\seowon\documents\project\dnf\dnf2\dnf\utilities\binaryfile.cpp(1): fatal error C1083: 포함 파일을 열 수 없습니다. 'stdafx.h': No such file or directory
  Math.cpp
c:\users\seowon\documents\project\dnf\dnf2\dnf\utilities\math.cpp(1): fatal error C1083: 포함 파일을 열 수 없습니다. 'stdafx.h': No such file or directory
  Path.cpp
c:\users\seowon\documents\project\dnf\dnf2\dnf\utilities\path.cpp(1): fatal error C1083: 포함 파일을 열 수 없습니다. 'stdafx.h': No such file or directory
  String.cpp
c:\users\seowon\documents\project\dnf\dnf2\dnf\utilities\string.cpp(1): fatal error C1083: 포함 파일을 열 수 없습니다. 'stdafx.h': No such file or directory
  Xml.cpp
c:\users\seowon\documents\project\dnf\dnf2\dnf\utilities\xml.cpp(23): fatal error C1083: 포함 파일을 열 수 없습니다. 'stdafx.h': No such file or directory
  Camera.cpp
c:\users\seowon\documents\project\dnf\dnf2\dnf\viewer\camera.cpp(1): fatal error C1083: 포함 파일을 열 수 없습니다. 'stdafx.h': No such file or directory
  Following.cpp
c:\users\seowon\documents\project\dnf\dnf2\dnf\viewer\following.cpp(1): fatal error C1083: 포함 파일을 열 수 없습니다. 'stdafx.h': No such file or directory
  Freedom.cpp
c:\users\seowon\documents\project\dnf\dnf2\dnf\viewer\freedom.cpp(1): fatal error C1083: 포함 파일을 열 수 없습니다. 'stdafx.h': No such file or directory
